2017-09-06 11:01:37.613 [Thread-10] DEBUG MessageProcessThreadLogger -消息实体内容:{
	"chargeTypeCode":"07",
	"chargeTypeName":"全自费",
	"creationTime":"20170323123045",
	"eventFlag":"A",
	"insuranceTypeCode":"01",
	"insuranceTypeName":"城镇职工",
	"msgId":"ad",
	"patient":{
		"age":"年龄",
		"birthDate":"20170323",
		"empiId":"E111111",
		"genderCode":"1",
		"genderName":"男",
		"groupCode":"所属集团编码",
		"groupName":"所属集团名称",
		"inpatientNo":"22222",
		"orgCode":"医院机构编码",
		"orgName":"XXX医院",
		"oupatientNo":"11111",
		"patientId":"111111",
		"patientName":"姓名"
	},
	"receiverId":"S001",
	"registerTime":"20170323123045",
	"registrantCode":"00000",
	"registrantName":"操作者姓名",
	"registrationTypeCode":"01",
	"registrationTypeName":"专家号",
	"registrationWayCode":"01",
	"registrationWayName":"窗口挂号",
	"returnVisitFlag":"1",
	"senderId":"S001",
	"template":"ST201",
	"visitDeptCode":"003",
	"visitDeptName":"挂号科室名称",
	"visitDoctorCode":"10000",
	"visitDoctorName":"就诊医生姓名",
	"visitId":"3434",
	"visitIntervalCode":"AM",
	"visitIntervalName":"上午",
	"visitReason":"就诊原因的详细描述",
	"visitTime":"20170323123045",
	"visitTimes":"1",
	"visitTypeCode":"1",
	"visitTypeName":"门诊"
}
2017-09-06 11:01:37.707 [Thread-10] DEBUG MessageProcessThreadLogger -消息类型：ST201
2017-09-06 11:01:37.708 [Thread-10] DEBUG MessageProcessThreadLogger -消息校验……
2017-09-06 11:01:37.721 [Thread-10] DEBUG MessageProcessThreadLogger -依赖校验……
2017-09-06 11:01:37.808 [Thread-10] DEBUG MessageProcessThreadLogger -业务处理……
2017-09-06 11:04:45.086 [Thread-10] DEBUG MessageProcessThreadLogger -消息实体内容:{
	"chargeTypeCode":"07",
	"chargeTypeName":"全自费",
	"creationTime":"20170323123045",
	"eventFlag":"A",
	"insuranceTypeCode":"01",
	"insuranceTypeName":"城镇职工",
	"msgId":"ad",
	"patient":{
		"age":"年龄",
		"birthDate":"20170323",
		"empiId":"E111111",
		"genderCode":"1",
		"genderName":"男",
		"groupCode":"所属集团编码",
		"groupName":"所属集团名称",
		"inpatientNo":"22222",
		"orgCode":"医院机构编码",
		"orgName":"XXX医院",
		"oupatientNo":"11111",
		"patientId":"111111",
		"patientName":"姓名"
	},
	"receiverId":"S001",
	"registerTime":"20170323123045",
	"registrantCode":"00000",
	"registrantName":"操作者姓名",
	"registrationTypeCode":"01",
	"registrationTypeName":"专家号",
	"registrationWayCode":"01",
	"registrationWayName":"窗口挂号",
	"returnVisitFlag":"1",
	"senderId":"S001",
	"template":"ST201",
	"visitDeptCode":"003",
	"visitDeptName":"挂号科室名称",
	"visitDoctorCode":"10000",
	"visitDoctorName":"就诊医生姓名",
	"visitId":"3434",
	"visitIntervalCode":"AM",
	"visitIntervalName":"上午",
	"visitReason":"就诊原因的详细描述",
	"visitTime":"20170323123045",
	"visitTimes":"1",
	"visitTypeCode":"1",
	"visitTypeName":"门诊"
}
2017-09-06 11:04:45.156 [Thread-10] DEBUG MessageProcessThreadLogger -消息类型：ST201
2017-09-06 11:04:45.156 [Thread-10] DEBUG MessageProcessThreadLogger -消息校验……
2017-09-06 11:04:45.164 [Thread-10] DEBUG MessageProcessThreadLogger -依赖校验……
2017-09-06 11:04:45.214 [Thread-10] DEBUG MessageProcessThreadLogger -业务处理……
