2017-09-08 11:29:53.538 [Thread-10] DEBUG MessageProcessThreadLogger -消息实体内容:{
	"actionType":"A",
	"creationTime":"20170323123045",
	"id":"S001",
	"msgId":"sf",
	"requestNote":{
		"chargeStatus":"1",
		"checkGoal":"keep systolic blood pressure between 90 and 110 mm Hg.",
		"checkItem":[
			{
				"checkItemCode":"检验项目编码",
				"checkItemName":"检验项目名称",
				"checkItemTypeCode":"检验类型编码",
				"checkItemTypeName":"检验类型名称",
				"ordNo":"",
				"serialNum":"1"
			}
		],
		"confirmDiagnosisMark":"0",
		"confirmPersonName":"确认人姓名",
		"confirmPersonNo":"10000",
		"confirmTime":"20170323123045",
		"containerCode":"容器编码",
		"containerName":"容器名称",
		"diagnosisCode":"诊断编码",
		"diagnosisDoctorName":"诊断医生姓名",
		"diagnosisDoctorNo":"10000",
		"diagnosisName":"诊断名称",
		"diagnosisTime":"20170323123045",
		"diagnosisTypeCode":"1",
		"diagnosisTypeName":"门诊诊断",
		"diseaseDesc":"对患者本次疾病相关的主要症状及其持续时间的描述",
		"entryPersonName":"录入人姓名",
		"entryPersonNo":"10000",
		"entryTime":"20170323123045",
		"execDeptCode":"003",
		"execDeptName":"执行科室名称",
		"inspectionPersonId":"10000",
		"inspectionPersonName":"送检人姓名",
		"inspectionTime":"20130303020404",
		"isAdaptCode":"02",
		"isAdaptValue":"false",
		"isMedicineCode":"04",
		"isMedicineValue":"false",
		"isUrgentCode":"03",
		"isUrgentValue":"false",
		"nowDiseaseHistoryCode":"DE04.01.119.00",
		"nowDiseaseHistoryName":"主诉",
		"primaryDiagnosisMark":"1",
		"priorityDegree":"紧急",
		"pvInfo":{
			"address":"",
			"age":"年龄",
			"bedNo":"001",
			"contact":"",
			"deptCode":"12312",
			"deptName":"呼吸内科",
			"empiId":"E111111",
			"groupCode":"所属集团编码",
			"groupName":"所属集团名称",
			"hisOrgCode":"医院机构编码",
			"hisOrgName":"XXX医院",
			"inpatientNo":"22222",
			"lesionCode":"1A",
			"lesionName":"1病区",
			"name":"姓名",
			"outpatientNo":"11111",
			"patientId":"111111",
			"pvSerialNo":"3434",
			"pvTime":"1",
			"pvTypeCode":"1",
			"pvTypeName":"门诊",
			"sex":"男",
			"sexCode":"1",
			"sickRoomNo":"001"
		},
		"requestDeptCode":"",
		"requestDeptName":"",
		"requestDoctorCode":"10000",
		"requestDoctorName":"申请医生姓名",
		"requestNoteEndTime":"20110202030303",
		"requestNoteNo":"申请单号",
		"requestNoteStartTime":"20110202030303",
		"requestNoteStatusCode":"completed",
		"requestNoteTypeCode":"申请单类型编码",
		"requestNoteTypeName":"申请单类型名称",
		"requestTime":"20170323123045",
		"sampleCollectAddr":"采集地点",
		"sampleCollectTime":"20130303020404",
		"sampleFixativeName":"福尔马林",
		"sampleNo":"SP1234567890",
		"samplePersonId":"10000",
		"samplePersonName":"采集人姓名",
		"sampleReceivePersonId":"10000",
		"sampleReceivePersonName":"接收人姓名",
		"sampleReceiveTime":"20130303020404",
		"sampleStateDesc":"对受检标本状态的描述",
		"sampleTypeCode":"标本类别代码",
		"sampleTypeName":"标本类别名称",
		"seperatableInd":"false",
		"symptomCode":"DE04.01.117.00",
		"symptomDesc":"对患者出现症状的详细描述",
		"symptomName":"症状描述"
	},
	"template":"ST402"
}
2017-09-08 11:29:53.718 [Thread-10] DEBUG MessageProcessThreadLogger -消息类型：ST402
2017-09-08 11:29:53.719 [Thread-10] DEBUG MessageProcessThreadLogger -消息校验……
2017-09-08 11:29:53.739 [Thread-10] DEBUG MessageProcessThreadLogger -依赖校验……
2017-09-08 11:29:53.740 [Thread-10] DEBUG MessageProcessThreadLogger -业务处理……
