2017-09-07 20:13:12.426 [Thread-10] DEBUG MessageProcessThreadLogger -消息实体内容:{
	"attendingDoctorCode":"00000",
	"attendingDoctorName":"主任医师姓名",
	"chargeDoctorCode":"10000",
	"chargeDoctorName":"主主管医生姓名",
	"chiefPhysicianCode":"00000",
	"chiefPhysicianName":"主任医师姓名",
	"departmentName":"呼吸内科",
	"departmentNo":"12312",
	"diagnosis":[
		{
			"diagCode":"诊断编码",
			"diagTypeCode":"1",
			"diagTypeName":"门诊诊断"
		}
	],
	"eMPINo":"E111111",
	"firstDoctorCode":"10000",
	"firstDoctorName":"首诊医生姓名",
	"firstDoctorTime":"20170323123045",
	"groupCode":"所属集团编码",
	"groupName":"所属集团名称",
	"inhospitalWayCode":"入院途径代码",
	"inhospitalWayName":"入院途径名称",
	"inpatientAreaName":"1病区",
	"inpatientAreaNo":"1A",
	"inpatientNo":"22222",
	"medicalInsuranceTypeCode":"01",
	"medicalInsuranceTypeName":"城镇职工",
	"medicalPaymentMethodCode":"07",
	"medicalPaymentMethodName":"全自费",
	"msgId":"12",
	"orgCode":"医院机构编码",
	"orgName":"XXX医院",
	"outpatientNo":"11111",
	"patientAge":"年龄",
	"patientBirthTime":"20170323",
	"patientName":"姓名",
	"patientSexCode":"1",
	"patientSexName":"男",
	"patientTypeCode":"1",
	"patientTypeName":"门诊",
	"pidCode":"111111",
	"primaryNurseCode":"00000",
	"primaryNurseName":"责任护士姓名",
	"registrantCode":"10000",
	"registrantName":"登记人姓名",
	"registrationTime":"20170323123045",
	"residentPhysicianCode":"00000",
	"residentPhysicianName":"住院医师姓名",
	"serviceType":"",
	"sickbedNo":"001",
	"sickroomNo":"001",
	"template":"ST203",
	"visitNo":"3434",
	"visitReason":"就诊原因的详细描述",
	"visitTimes":"1"
}
2017-09-07 20:13:12.571 [Thread-10] DEBUG MessageProcessThreadLogger -消息类型：ST203
2017-09-07 20:13:12.571 [Thread-10] DEBUG MessageProcessThreadLogger -消息校验……
2017-09-07 20:13:12.583 [Thread-10] DEBUG MessageProcessThreadLogger -依赖校验……
2017-09-07 20:13:12.670 [Thread-10] DEBUG MessageProcessThreadLogger -业务处理……
2017-09-07 20:15:39.584 [Thread-17] DEBUG MessageProcessThreadLogger -消息实体内容:{
	"attendingDoctorCode":"00000",
	"attendingDoctorName":"主任医师姓名",
	"chargeDoctorCode":"10000",
	"chargeDoctorName":"主主管医生姓名",
	"chiefPhysicianCode":"00000",
	"chiefPhysicianName":"主任医师姓名",
	"departmentName":"呼吸内科",
	"departmentNo":"12312",
	"diagnosis":[
		{
			"diagCode":"诊断编码",
			"diagTypeCode":"1",
			"diagTypeName":"门诊诊断"
		}
	],
	"eMPINo":"E111111",
	"firstDoctorCode":"10000",
	"firstDoctorName":"首诊医生姓名",
	"firstDoctorTime":"20170323123045",
	"groupCode":"所属集团编码",
	"groupName":"所属集团名称",
	"inhospitalWayCode":"入院途径代码",
	"inhospitalWayName":"入院途径名称",
	"inpatientAreaName":"1病区",
	"inpatientAreaNo":"1A",
	"inpatientNo":"22222",
	"medicalInsuranceTypeCode":"01",
	"medicalInsuranceTypeName":"城镇职工",
	"medicalPaymentMethodCode":"07",
	"medicalPaymentMethodName":"全自费",
	"msgId":"12",
	"orgCode":"医院机构编码",
	"orgName":"XXX医院",
	"outpatientNo":"11111",
	"patientAge":"年龄",
	"patientBirthTime":"20170323",
	"patientName":"姓名",
	"patientSexCode":"1",
	"patientSexName":"男",
	"patientTypeCode":"1",
	"patientTypeName":"门诊",
	"pidCode":"111111",
	"primaryNurseCode":"00000",
	"primaryNurseName":"责任护士姓名",
	"registrantCode":"10000",
	"registrantName":"登记人姓名",
	"registrationTime":"20170323123045",
	"residentPhysicianCode":"00000",
	"residentPhysicianName":"住院医师姓名",
	"serviceType":"",
	"sickbedNo":"001",
	"sickroomNo":"001",
	"template":"ST203",
	"visitNo":"3434",
	"visitReason":"就诊原因的详细描述",
	"visitTimes":"1"
}
2017-09-07 20:15:39.639 [Thread-17] DEBUG MessageProcessThreadLogger -消息类型：ST203
2017-09-07 20:15:39.640 [Thread-17] DEBUG MessageProcessThreadLogger -消息校验……
2017-09-07 20:15:39.643 [Thread-17] DEBUG MessageProcessThreadLogger -依赖校验……
2017-09-07 20:15:39.695 [Thread-17] DEBUG MessageProcessThreadLogger -业务处理……
2017-09-07 20:17:04.569 [Thread-18] DEBUG MessageProcessThreadLogger -消息实体内容:{
	"attendingDoctorCode":"00000",
	"attendingDoctorName":"主任医师姓名",
	"chargeDoctorCode":"10000",
	"chargeDoctorName":"主主管医生姓名",
	"chiefPhysicianCode":"00000",
	"chiefPhysicianName":"主任医师姓名",
	"departmentName":"呼吸内科",
	"departmentNo":"12312",
	"diagnosis":[
		{
			"diagCode":"诊断编码",
			"diagTypeCode":"1",
			"diagTypeName":"门诊诊断"
		}
	],
	"eMPINo":"E111111",
	"firstDoctorCode":"10000",
	"firstDoctorName":"首诊医生姓名",
	"firstDoctorTime":"20170323123045",
	"groupCode":"所属集团编码",
	"groupName":"所属集团名称",
	"inhospitalWayCode":"入院途径代码",
	"inhospitalWayName":"入院途径名称",
	"inpatientAreaName":"1病区",
	"inpatientAreaNo":"1A",
	"inpatientNo":"22222",
	"medicalInsuranceTypeCode":"01",
	"medicalInsuranceTypeName":"城镇职工",
	"medicalPaymentMethodCode":"07",
	"medicalPaymentMethodName":"全自费",
	"msgId":"12",
	"orgCode":"医院机构编码",
	"orgName":"XXX医院",
	"outpatientNo":"11111",
	"patientAge":"年龄",
	"patientBirthTime":"20170323",
	"patientName":"姓名",
	"patientSexCode":"1",
	"patientSexName":"男",
	"patientTypeCode":"1",
	"patientTypeName":"门诊",
	"pidCode":"111111",
	"primaryNurseCode":"00000",
	"primaryNurseName":"责任护士姓名",
	"registrantCode":"10000",
	"registrantName":"登记人姓名",
	"registrationTime":"20170323123045",
	"residentPhysicianCode":"00000",
	"residentPhysicianName":"住院医师姓名",
	"serviceType":"A",
	"sickbedNo":"001",
	"sickroomNo":"001",
	"template":"ST203",
	"visitNo":"3434",
	"visitReason":"就诊原因的详细描述",
	"visitTimes":"1"
}
2017-09-07 20:17:04.577 [Thread-18] DEBUG MessageProcessThreadLogger -消息类型：ST203
2017-09-07 20:17:04.578 [Thread-18] DEBUG MessageProcessThreadLogger -消息校验……
2017-09-07 20:17:04.581 [Thread-18] DEBUG MessageProcessThreadLogger -依赖校验……
2017-09-07 20:17:04.597 [Thread-18] DEBUG MessageProcessThreadLogger -业务处理……
2017-09-07 20:18:05.361 [Thread-19] DEBUG MessageProcessThreadLogger -消息实体内容:{
	"actionType":"A",
	"creationTime":"20170323123045",
	"id":"S001",
	"msgId":"12a",
	"requestNote":{
		"chargeStatus":"1",
		"checkGoal":"keep systolic blood pressure between 90 and 110 mm Hg.",
		"checkItem":[
			{
				"checkItemCode":"检查项目编码",
				"checkItemName":"检查项目名称",
				"checkItemPartCode":"",
				"checkItemPartName":"",
				"checkItemTypeCode":"检查类型编码",
				"checkItemTypeName":"检查类型名称",
				"ordNo":"",
				"serialNum":"1"
			}
		],
		"confirmDiagnosisMark":"0",
		"confirmPersonName":"确认人姓名",
		"confirmPersonNo":"10000",
		"confirmTime":"20170323123045",
		"containerCode":"容器编码",
		"containerName":"容器名称",
		"diagnosisCode":"诊断编码",
		"diagnosisDoctorName":"诊断医生姓名",
		"diagnosisDoctorNo":"10000",
		"diagnosisName":"诊断名称",
		"diagnosisTime":"20170323123045",
		"diagnosisTypeCode":"1",
		"diagnosisTypeName":"门诊诊断",
		"diseaseDesc":"对患者本次疾病相关的主要症状及其持续时间的描述",
		"entryPersonName":"录入人姓名",
		"entryPersonNo":"10000",
		"entryTime":"20170323123045",
		"execDeptCode":"003",
		"execDeptName":"执行科室名称",
		"isAdaptCode":"02",
		"isAdaptValue":"false",
		"isBedActCode":"05",
		"isBedActValue":"false",
		"isMedicineCode":"04",
		"isMedicineValue":"false",
		"isUrgentCode":"03",
		"isUrgentValue":"false",
		"nowDiseaseHistoryCode":"DE04.01.119.00",
		"nowDiseaseHistoryName":"主诉",
		"primaryDiagnosisMark":"1",
		"priorityDegree":"紧急",
		"pvInfo":{
			"address":"",
			"age":"年龄",
			"bedNo":"001",
			"contact":"",
			"deptCode":"12312",
			"deptName":"呼吸内科",
			"empiId":"E111111",
			"groupCode":"所属集团编码",
			"groupName":"所属集团名称",
			"hisOrgCode":"医院机构编码",
			"hisOrgName":"XXX医院",
			"inpatientNo":"22222",
			"lesionCode":"1A",
			"lesionName":"1病区",
			"name":"姓名",
			"outpatientNo":"11111",
			"patientId":"111111",
			"pvSerialNo":"3434",
			"pvTime":"1",
			"pvTypeCode":"患者类型代码表",
			"pvTypeName":"门诊",
			"sex":"男",
			"sexCode":"1",
			"sickRoomNo":"001"
		},
		"requestDeptCode":"",
		"requestDeptName":"",
		"requestDoctorCode":"10000",
		"requestDoctorName":"申请医生姓名",
		"requestNoteEndTime":"20110202030303",
		"requestNoteNo":"申请单号",
		"requestNoteStartTime":"20110202030303",
		"requestNoteStatusCode":"completed",
		"requestNoteTypeCode":"申请单类型编码",
		"requestNoteTypeName":"申请单类型名称",
		"requestTime":"20170323123045",
		"sampleCollectTime":"20130303020404",
		"sampleFixativeName":"福尔马林",
		"sampleNo":"SP1234567890",
		"sampleReceiveTime":"20130303020404",
		"sampleStateDesc":"对受检标本状态的描述",
		"sampleTypeCode":"标本类别代码",
		"sampleTypeName":"标本类别名称",
		"seperatableInd":"false",
		"symptomCode":"DE04.01.117.00",
		"symptomDesc":"对患者出现症状的详细描述",
		"symptomName":"症状描述"
	},
	"template":"ST401"
}
2017-09-07 20:18:05.383 [Thread-19] DEBUG MessageProcessThreadLogger -消息类型：ST401
2017-09-07 20:18:05.384 [Thread-19] DEBUG MessageProcessThreadLogger -消息校验……
2017-09-07 20:18:05.390 [Thread-19] DEBUG MessageProcessThreadLogger -依赖校验……
2017-09-07 20:18:05.390 [Thread-19] DEBUG MessageProcessThreadLogger -业务处理……
2017-09-07 20:19:58.586 [Thread-20] DEBUG MessageProcessThreadLogger -消息实体内容:{
	"actionType":"A",
	"creationTime":"20170323123045",
	"id":"S001",
	"msgId":"12aa",
	"requestNote":{
		"chargeStatus":"1",
		"checkGoal":"keep systolic blood pressure between 90 and 110 mm Hg.",
		"checkItem":[
			{
				"checkItemCode":"检查项目编码",
				"checkItemName":"检查项目名称",
				"checkItemPartCode":"",
				"checkItemPartName":"",
				"checkItemTypeCode":"检查类型编码",
				"checkItemTypeName":"检查类型名称",
				"ordNo":"",
				"serialNum":"1"
			}
		],
		"confirmDiagnosisMark":"0",
		"confirmPersonName":"确认人姓名",
		"confirmPersonNo":"10000",
		"confirmTime":"20170323123045",
		"containerCode":"容器编码",
		"containerName":"容器名称",
		"diagnosisCode":"诊断编码",
		"diagnosisDoctorName":"诊断医生姓名",
		"diagnosisDoctorNo":"10000",
		"diagnosisName":"诊断名称",
		"diagnosisTime":"20170323123045",
		"diagnosisTypeCode":"1",
		"diagnosisTypeName":"门诊诊断",
		"diseaseDesc":"对患者本次疾病相关的主要症状及其持续时间的描述",
		"entryPersonName":"录入人姓名",
		"entryPersonNo":"10000",
		"entryTime":"20170323123045",
		"execDeptCode":"003",
		"execDeptName":"执行科室名称",
		"isAdaptCode":"02",
		"isAdaptValue":"false",
		"isBedActCode":"05",
		"isBedActValue":"false",
		"isMedicineCode":"04",
		"isMedicineValue":"false",
		"isUrgentCode":"03",
		"isUrgentValue":"false",
		"nowDiseaseHistoryCode":"DE04.01.119.00",
		"nowDiseaseHistoryName":"主诉",
		"primaryDiagnosisMark":"1",
		"priorityDegree":"紧急",
		"pvInfo":{
			"address":"",
			"age":"年龄",
			"bedNo":"001",
			"contact":"",
			"deptCode":"12312",
			"deptName":"呼吸内科",
			"empiId":"E111111",
			"groupCode":"所属集团编码",
			"groupName":"所属集团名称",
			"hisOrgCode":"医院机构编码",
			"hisOrgName":"XXX医院",
			"inpatientNo":"22222",
			"lesionCode":"1A",
			"lesionName":"1病区",
			"name":"姓名",
			"outpatientNo":"11111",
			"patientId":"111111",
			"pvSerialNo":"3434",
			"pvTime":"1",
			"pvTypeCode":"患者类型代码表",
			"pvTypeName":"门诊",
			"sex":"男",
			"sexCode":"1",
			"sickRoomNo":"001"
		},
		"requestDeptCode":"",
		"requestDeptName":"",
		"requestDoctorCode":"10000",
		"requestDoctorName":"申请医生姓名",
		"requestNoteEndTime":"20110202030303",
		"requestNoteNo":"申请单号",
		"requestNoteStartTime":"20110202030303",
		"requestNoteStatusCode":"completed",
		"requestNoteTypeCode":"申请单类型编码",
		"requestNoteTypeName":"申请单类型名称",
		"requestTime":"20170323123045",
		"sampleCollectTime":"20130303020404",
		"sampleFixativeName":"福尔马林",
		"sampleNo":"SP1234567890",
		"sampleReceiveTime":"20130303020404",
		"sampleStateDesc":"对受检标本状态的描述",
		"sampleTypeCode":"标本类别代码",
		"sampleTypeName":"标本类别名称",
		"seperatableInd":"false",
		"symptomCode":"DE04.01.117.00",
		"symptomDesc":"对患者出现症状的详细描述",
		"symptomName":"症状描述"
	},
	"template":"ST401"
}
2017-09-07 20:19:58.607 [Thread-20] DEBUG MessageProcessThreadLogger -消息类型：ST401
2017-09-07 20:19:58.607 [Thread-20] DEBUG MessageProcessThreadLogger -消息校验……
2017-09-07 20:19:58.610 [Thread-20] DEBUG MessageProcessThreadLogger -依赖校验……
2017-09-07 20:19:58.611 [Thread-20] DEBUG MessageProcessThreadLogger -业务处理……
2017-09-07 20:23:51.713 [Thread-10] DEBUG MessageProcessThreadLogger -消息实体内容:{
	"actionType":"A",
	"creationTime":"20170323123045",
	"id":"S001",
	"msgId":"12aaa",
	"requestNote":{
		"chargeStatus":"1",
		"checkGoal":"keep systolic blood pressure between 90 and 110 mm Hg.",
		"checkItem":[
			{
				"checkItemCode":"检查项目编码",
				"checkItemName":"检查项目名称",
				"checkItemPartCode":"",
				"checkItemPartName":"",
				"checkItemTypeCode":"检查类型编码",
				"checkItemTypeName":"检查类型名称",
				"ordNo":"",
				"serialNum":"1"
			}
		],
		"confirmDiagnosisMark":"0",
		"confirmPersonName":"确认人姓名",
		"confirmPersonNo":"10000",
		"confirmTime":"20170323123045",
		"containerCode":"容器编码",
		"containerName":"容器名称",
		"diagnosisCode":"诊断编码",
		"diagnosisDoctorName":"诊断医生姓名",
		"diagnosisDoctorNo":"10000",
		"diagnosisName":"诊断名称",
		"diagnosisTime":"20170323123045",
		"diagnosisTypeCode":"1",
		"diagnosisTypeName":"门诊诊断",
		"diseaseDesc":"对患者本次疾病相关的主要症状及其持续时间的描述",
		"entryPersonName":"录入人姓名",
		"entryPersonNo":"10000",
		"entryTime":"20170323123045",
		"execDeptCode":"003",
		"execDeptName":"执行科室名称",
		"isAdaptCode":"02",
		"isAdaptValue":"false",
		"isBedActCode":"05",
		"isBedActValue":"false",
		"isMedicineCode":"04",
		"isMedicineValue":"false",
		"isUrgentCode":"03",
		"isUrgentValue":"false",
		"nowDiseaseHistoryCode":"DE04.01.119.00",
		"nowDiseaseHistoryName":"主诉",
		"primaryDiagnosisMark":"1",
		"priorityDegree":"紧急",
		"pvInfo":{
			"address":"",
			"age":"年龄",
			"bedNo":"001",
			"contact":"",
			"deptCode":"12312",
			"deptName":"呼吸内科",
			"empiId":"E111111",
			"groupCode":"所属集团编码",
			"groupName":"所属集团名称",
			"hisOrgCode":"医院机构编码",
			"hisOrgName":"XXX医院",
			"inpatientNo":"22222",
			"lesionCode":"1A",
			"lesionName":"1病区",
			"name":"姓名",
			"outpatientNo":"11111",
			"patientId":"111111",
			"pvSerialNo":"3434",
			"pvTime":"1",
			"pvTypeCode":"患者类型代码表",
			"pvTypeName":"门诊",
			"sex":"男",
			"sexCode":"1",
			"sickRoomNo":"001"
		},
		"requestDeptCode":"",
		"requestDeptName":"",
		"requestDoctorCode":"10000",
		"requestDoctorName":"申请医生姓名",
		"requestNoteEndTime":"20110202030303",
		"requestNoteNo":"申请单号",
		"requestNoteStartTime":"20110202030303",
		"requestNoteStatusCode":"completed",
		"requestNoteTypeCode":"申请单类型编码",
		"requestNoteTypeName":"申请单类型名称",
		"requestTime":"20170323123045",
		"sampleCollectTime":"20130303020404",
		"sampleFixativeName":"福尔马林",
		"sampleNo":"SP1234567890",
		"sampleReceiveTime":"20130303020404",
		"sampleStateDesc":"对受检标本状态的描述",
		"sampleTypeCode":"标本类别代码",
		"sampleTypeName":"标本类别名称",
		"seperatableInd":"false",
		"symptomCode":"DE04.01.117.00",
		"symptomDesc":"对患者出现症状的详细描述",
		"symptomName":"症状描述"
	},
	"template":"ST401"
}
2017-09-07 20:23:51.815 [Thread-10] DEBUG MessageProcessThreadLogger -消息类型：ST401
2017-09-07 20:23:51.815 [Thread-10] DEBUG MessageProcessThreadLogger -消息校验……
2017-09-07 20:23:51.832 [Thread-10] DEBUG MessageProcessThreadLogger -依赖校验……
2017-09-07 20:23:51.832 [Thread-10] DEBUG MessageProcessThreadLogger -业务处理……
2017-09-07 20:30:33.248 [Thread-10] DEBUG MessageProcessThreadLogger -消息实体内容:{
	"actionType":"A",
	"creationTime":"20170323123045",
	"id":"S001",
	"msgId":"12aaaa",
	"requestNote":{
		"chargeStatus":"1",
		"checkGoal":"keep systolic blood pressure between 90 and 110 mm Hg.",
		"checkItem":[
			{
				"checkItemCode":"检查项目编码",
				"checkItemName":"检查项目名称",
				"checkItemPartCode":"",
				"checkItemPartName":"",
				"checkItemTypeCode":"检查类型编码",
				"checkItemTypeName":"检查类型名称",
				"ordNo":"",
				"serialNum":"1"
			}
		],
		"confirmDiagnosisMark":"0",
		"confirmPersonName":"确认人姓名",
		"confirmPersonNo":"10000",
		"confirmTime":"20170323123045",
		"containerCode":"容器编码",
		"containerName":"容器名称",
		"diagnosisCode":"诊断编码",
		"diagnosisDoctorName":"诊断医生姓名",
		"diagnosisDoctorNo":"10000",
		"diagnosisName":"诊断名称",
		"diagnosisTime":"20170323123045",
		"diagnosisTypeCode":"1",
		"diagnosisTypeName":"门诊诊断",
		"diseaseDesc":"对患者本次疾病相关的主要症状及其持续时间的描述",
		"entryPersonName":"录入人姓名",
		"entryPersonNo":"10000",
		"entryTime":"20170323123045",
		"execDeptCode":"003",
		"execDeptName":"执行科室名称",
		"isAdaptCode":"02",
		"isAdaptValue":"false",
		"isBedActCode":"05",
		"isBedActValue":"false",
		"isMedicineCode":"04",
		"isMedicineValue":"false",
		"isUrgentCode":"03",
		"isUrgentValue":"false",
		"nowDiseaseHistoryCode":"DE04.01.119.00",
		"nowDiseaseHistoryName":"主诉",
		"primaryDiagnosisMark":"1",
		"priorityDegree":"紧急",
		"pvInfo":{
			"address":"",
			"age":"年龄",
			"bedNo":"001",
			"contact":"",
			"deptCode":"12312",
			"deptName":"呼吸内科",
			"empiId":"E111111",
			"groupCode":"所属集团编码",
			"groupName":"所属集团名称",
			"hisOrgCode":"医院机构编码",
			"hisOrgName":"XXX医院",
			"inpatientNo":"22222",
			"lesionCode":"1A",
			"lesionName":"1病区",
			"name":"姓名",
			"outpatientNo":"11111",
			"patientId":"111111",
			"pvSerialNo":"3434",
			"pvTime":"1",
			"pvTypeCode":"患者类型代码表",
			"pvTypeName":"门诊",
			"sex":"男",
			"sexCode":"1",
			"sickRoomNo":"001"
		},
		"requestDeptCode":"",
		"requestDeptName":"",
		"requestDoctorCode":"10000",
		"requestDoctorName":"申请医生姓名",
		"requestNoteEndTime":"20110202030303",
		"requestNoteNo":"申请单号",
		"requestNoteStartTime":"20110202030303",
		"requestNoteStatusCode":"completed",
		"requestNoteTypeCode":"申请单类型编码",
		"requestNoteTypeName":"申请单类型名称",
		"requestTime":"20170323123045",
		"sampleCollectTime":"20130303020404",
		"sampleFixativeName":"福尔马林",
		"sampleNo":"SP1234567890",
		"sampleReceiveTime":"20130303020404",
		"sampleStateDesc":"对受检标本状态的描述",
		"sampleTypeCode":"标本类别代码",
		"sampleTypeName":"标本类别名称",
		"seperatableInd":"false",
		"symptomCode":"DE04.01.117.00",
		"symptomDesc":"对患者出现症状的详细描述",
		"symptomName":"症状描述"
	},
	"template":"ST401"
}
2017-09-07 20:30:33.319 [Thread-10] DEBUG MessageProcessThreadLogger -消息类型：ST401
2017-09-07 20:30:33.319 [Thread-10] DEBUG MessageProcessThreadLogger -消息校验……
2017-09-07 20:30:33.330 [Thread-10] DEBUG MessageProcessThreadLogger -依赖校验……
2017-09-07 20:30:33.331 [Thread-10] DEBUG MessageProcessThreadLogger -业务处理……
2017-09-07 20:34:15.671 [Thread-10] DEBUG MessageProcessThreadLogger -消息实体内容:{
	"actionType":"A",
	"creationTime":"20170323123045",
	"id":"S001",
	"msgId":"12aaaaa",
	"requestNote":{
		"chargeStatus":"1",
		"checkGoal":"keep systolic blood pressure between 90 and 110 mm Hg.",
		"checkItem":[
			{
				"checkItemCode":"检查项目编码",
				"checkItemName":"检查项目名称",
				"checkItemPartCode":"",
				"checkItemPartName":"",
				"checkItemTypeCode":"检查类型编码",
				"checkItemTypeName":"检查类型名称",
				"ordNo":"",
				"serialNum":"1"
			}
		],
		"confirmDiagnosisMark":"0",
		"confirmPersonName":"确认人姓名",
		"confirmPersonNo":"10000",
		"confirmTime":"20170323123045",
		"containerCode":"容器编码",
		"containerName":"容器名称",
		"diagnosisCode":"诊断编码",
		"diagnosisDoctorName":"诊断医生姓名",
		"diagnosisDoctorNo":"10000",
		"diagnosisName":"诊断名称",
		"diagnosisTime":"20170323123045",
		"diagnosisTypeCode":"1",
		"diagnosisTypeName":"门诊诊断",
		"diseaseDesc":"对患者本次疾病相关的主要症状及其持续时间的描述",
		"entryPersonName":"录入人姓名",
		"entryPersonNo":"10000",
		"entryTime":"20170323123045",
		"execDeptCode":"003",
		"execDeptName":"执行科室名称",
		"isAdaptCode":"02",
		"isAdaptValue":"false",
		"isBedActCode":"05",
		"isBedActValue":"false",
		"isMedicineCode":"04",
		"isMedicineValue":"false",
		"isUrgentCode":"03",
		"isUrgentValue":"false",
		"nowDiseaseHistoryCode":"DE04.01.119.00",
		"nowDiseaseHistoryName":"主诉",
		"primaryDiagnosisMark":"1",
		"priorityDegree":"紧急",
		"pvInfo":{
			"address":"",
			"age":"年龄",
			"bedNo":"001",
			"contact":"",
			"deptCode":"12312",
			"deptName":"呼吸内科",
			"empiId":"E111111",
			"groupCode":"所属集团编码",
			"groupName":"所属集团名称",
			"hisOrgCode":"医院机构编码",
			"hisOrgName":"XXX医院",
			"inpatientNo":"22222",
			"lesionCode":"1A",
			"lesionName":"1病区",
			"name":"姓名",
			"outpatientNo":"11111",
			"patientId":"111111",
			"pvSerialNo":"3434",
			"pvTime":"1",
			"pvTypeCode":"1",
			"pvTypeName":"门诊",
			"sex":"男",
			"sexCode":"1",
			"sickRoomNo":"001"
		},
		"requestDeptCode":"",
		"requestDeptName":"",
		"requestDoctorCode":"10000",
		"requestDoctorName":"申请医生姓名",
		"requestNoteEndTime":"20110202030303",
		"requestNoteNo":"申请单号",
		"requestNoteStartTime":"20110202030303",
		"requestNoteStatusCode":"completed",
		"requestNoteTypeCode":"申请单类型编码",
		"requestNoteTypeName":"申请单类型名称",
		"requestTime":"20170323123045",
		"sampleCollectTime":"20130303020404",
		"sampleFixativeName":"福尔马林",
		"sampleNo":"SP1234567890",
		"sampleReceiveTime":"20130303020404",
		"sampleStateDesc":"对受检标本状态的描述",
		"sampleTypeCode":"标本类别代码",
		"sampleTypeName":"标本类别名称",
		"seperatableInd":"false",
		"symptomCode":"DE04.01.117.00",
		"symptomDesc":"对患者出现症状的详细描述",
		"symptomName":"症状描述"
	},
	"template":"ST401"
}
2017-09-07 20:34:15.737 [Thread-10] DEBUG MessageProcessThreadLogger -消息类型：ST401
2017-09-07 20:34:15.737 [Thread-10] DEBUG MessageProcessThreadLogger -消息校验……
2017-09-07 20:34:15.748 [Thread-10] DEBUG MessageProcessThreadLogger -依赖校验……
2017-09-07 20:34:15.748 [Thread-10] DEBUG MessageProcessThreadLogger -业务处理……
2017-09-07 20:36:52.542 [Thread-11] DEBUG MessageProcessThreadLogger -消息实体内容:{
	"anesthesiaMethoName":"麻醉方法名称",
	"anesthesiaMethodCode":"麻醉方法编码",
	"applicationCode":"申请单号",
	"applyDepartmentCode":"",
	"applyDepartmentName":"",
	"applyDoctorCode":"10000",
	"applyDoctorName":"申请医生姓名",
	"applyTime":"20170323123045",
	"departmentName":"呼吸内科",
	"departmentNo":"12312",
	"diagnosisDescription":"诊断描述",
	"eMPINo":"E111111",
	"groupCode":"所属集团编码",
	"groupName":"所属集团名称",
	"implementDepartmentCode":"003",
	"implementDepartmentName":"执行科室名称",
	"inpatientAreaName":"1病区",
	"inpatientAreaNo":"1A",
	"inpatientNo":"22222",
	"inputPersonCode":"10000",
	"inputPersonName":"录入人姓名",
	"inputTime":"20170323123045",
	"mainDoctorCode":"10000",
	"mainDoctorName":"主刀医生姓名",
	"memoInformation":"对下达申请单的补充说明和注意事项提示",
	"msgId":"12aaaaaa",
	"operationDescription":"手术描述",
	"operationEndTime":"20110202030303",
	"operationLevelCode":"手术级别编码",
	"operationLevelName":"手术级别名称",
	"operationProcedureCode":"手术操作编码",
	"operationProcedureName":"手术操作名称",
	"operationSiteCode":"手术部位编码",
	"operationSiteName":"手术部位名称",
	"operationStartTime":"20110202030303",
	"ordersCode":"医嘱号",
	"orgCode":"医院机构编码",
	"orgName":"XXX医院",
	"outpatientNo":"11111",
	"patientAddr":"",
	"patientAge":"年龄",
	"patientBirthTime":"20170323",
	"patientName":"姓名",
	"patientSexCode":"1",
	"patientSexName":"男",
	"patientTypeCode":"1",
	"patientTypeName":"门诊",
	"pidCode":"111111",
	"preoperativeDiagnosisCode":"诊断编码",
	"preoperativeDiagnosisName":"诊断名称",
	"serviceType":"A",
	"sickbedNo":"001",
	"sickroomNo":"001",
	"sterileLevelCode":"无菌程度编码",
	"sterileLevelName":"无菌程度名称",
	"template":"ST403",
	"urgentLevelCode":"03",
	"urgentLevelName":"false",
	"verifierCode":"10000",
	"verifierName":"确认人姓名",
	"verifyTime":"20170323123045",
	"visitNo":"3434",
	"visitTimes":"1"
}
2017-09-07 20:36:52.549 [Thread-11] DEBUG MessageProcessThreadLogger -消息类型：ST403
2017-09-07 20:36:52.550 [Thread-11] DEBUG MessageProcessThreadLogger -消息校验……
2017-09-07 20:36:52.553 [Thread-11] DEBUG MessageProcessThreadLogger -依赖校验……
2017-09-07 20:36:52.554 [Thread-11] DEBUG MessageProcessThreadLogger -业务处理……
2017-09-07 20:39:54.594 [Thread-18] DEBUG MessageProcessThreadLogger -消息实体内容:{
	"anesthesiaMethoName":"麻醉方法名称",
	"anesthesiaMethodCode":"麻醉方法编码",
	"applicationCode":"申请单号",
	"applyDepartmentCode":"",
	"applyDepartmentName":"",
	"applyDoctorCode":"10000",
	"applyDoctorName":"申请医生姓名",
	"applyTime":"20170323123045",
	"departmentName":"呼吸内科",
	"departmentNo":"12312",
	"diagnosisDescription":"诊断描述",
	"eMPINo":"E111111",
	"groupCode":"所属集团编码",
	"groupName":"所属集团名称",
	"implementDepartmentCode":"003",
	"implementDepartmentName":"执行科室名称",
	"inpatientAreaName":"1病区",
	"inpatientAreaNo":"1A",
	"inpatientNo":"22222",
	"inputPersonCode":"10000",
	"inputPersonName":"录入人姓名",
	"inputTime":"20170323123045",
	"mainDoctorCode":"10000",
	"mainDoctorName":"主刀医生姓名",
	"memoInformation":"对下达申请单的补充说明和注意事项提示",
	"msgId":"12aaaaaaa",
	"operationDescription":"手术描述",
	"operationEndTime":"20110202030303",
	"operationLevelCode":"手术级别编码",
	"operationLevelName":"手术级别名称",
	"operationProcedureCode":"手术操作编码",
	"operationProcedureName":"手术操作名称",
	"operationSiteCode":"手术部位编码",
	"operationSiteName":"手术部位名称",
	"operationStartTime":"20110202030303",
	"ordersCode":"医嘱号",
	"orgCode":"医院机构编码",
	"orgName":"XXX医院",
	"outpatientNo":"11111",
	"patientAddr":"",
	"patientAge":"年龄",
	"patientBirthTime":"20170323",
	"patientName":"姓名",
	"patientSexCode":"1",
	"patientSexName":"男",
	"patientTypeCode":"1",
	"patientTypeName":"门诊",
	"pidCode":"111111",
	"preoperativeDiagnosisCode":"诊断编码",
	"preoperativeDiagnosisName":"诊断名称",
	"serviceType":"A",
	"sickbedNo":"001",
	"sickroomNo":"001",
	"sterileLevelCode":"无菌程度编码",
	"sterileLevelName":"无菌程度名称",
	"template":"ST403",
	"urgentLevelCode":"03",
	"urgentLevelName":"false",
	"verifierCode":"10000",
	"verifierName":"确认人姓名",
	"verifyTime":"20170323123045",
	"visitNo":"3434",
	"visitTimes":"1"
}
2017-09-07 20:39:54.603 [Thread-18] DEBUG MessageProcessThreadLogger -消息类型：ST403
2017-09-07 20:39:54.603 [Thread-18] DEBUG MessageProcessThreadLogger -消息校验……
2017-09-07 20:39:54.606 [Thread-18] DEBUG MessageProcessThreadLogger -依赖校验……
2017-09-07 20:39:54.607 [Thread-18] DEBUG MessageProcessThreadLogger -业务处理……
2017-09-07 20:41:06.983 [Thread-25] DEBUG MessageProcessThreadLogger -消息实体内容:{
	"anesthesiaMethoName":"麻醉方法名称",
	"anesthesiaMethodCode":"麻醉方法编码",
	"applicationCode":"申请单号",
	"applyDepartmentCode":"",
	"applyDepartmentName":"",
	"applyDoctorCode":"10000",
	"applyDoctorName":"申请医生姓名",
	"applyTime":"20170323123045",
	"departmentName":"呼吸内科",
	"departmentNo":"12312",
	"diagnosisDescription":"诊断描述",
	"eMPINo":"E111111",
	"groupCode":"所属集团编码",
	"groupName":"所属集团名称",
	"implementDepartmentCode":"003",
	"implementDepartmentName":"执行科室名称",
	"inpatientAreaName":"1病区",
	"inpatientAreaNo":"1A",
	"inpatientNo":"22222",
	"inputPersonCode":"10000",
	"inputPersonName":"录入人姓名",
	"inputTime":"20170323123045",
	"mainDoctorCode":"10000",
	"mainDoctorName":"主刀医生姓名",
	"memoInformation":"对下达申请单的补充说明和注意事项提示",
	"msgId":"12aaaaaaaa",
	"operationDescription":"手术描述",
	"operationEndTime":"20110202030303",
	"operationLevelCode":"手术级别编码",
	"operationLevelName":"手术级别名称",
	"operationProcedureCode":"手术操作编码",
	"operationProcedureName":"手术操作名称",
	"operationSiteCode":"手术部位编码",
	"operationSiteName":"手术部位名称",
	"operationStartTime":"20110202030303",
	"ordersCode":"医嘱号",
	"orgCode":"医院机构编码",
	"orgName":"XXX医院",
	"outpatientNo":"11111",
	"patientAddr":"",
	"patientAge":"年龄",
	"patientBirthTime":"20170323",
	"patientName":"姓名",
	"patientSexCode":"1",
	"patientSexName":"男",
	"patientTypeCode":"1",
	"patientTypeName":"门诊",
	"pidCode":"111111",
	"preoperativeDiagnosisCode":"诊断编码",
	"preoperativeDiagnosisName":"诊断名称",
	"serviceType":"A",
	"sickbedNo":"001",
	"sickroomNo":"001",
	"sterileLevelCode":"无菌程度编码",
	"sterileLevelName":"无菌程度名称",
	"template":"ST403",
	"urgentLevelCode":"03",
	"urgentLevelName":"false",
	"verifierCode":"10000",
	"verifierName":"确认人姓名",
	"verifyTime":"20170323123045",
	"visitNo":"3434",
	"visitTimes":"1"
}
2017-09-07 20:41:07.019 [Thread-25] DEBUG MessageProcessThreadLogger -消息类型：ST403
2017-09-07 20:41:07.019 [Thread-25] DEBUG MessageProcessThreadLogger -消息校验……
2017-09-07 20:41:07.023 [Thread-25] DEBUG MessageProcessThreadLogger -依赖校验……
2017-09-07 20:41:07.024 [Thread-25] DEBUG MessageProcessThreadLogger -业务处理……
2017-09-07 20:47:57.740 [Thread-32] ERROR MessageProcessThreadLogger -消息ID12aaaaaaaa，消息已存在，请勿重复发送
2017-09-07 20:48:01.220 [Thread-33] DEBUG MessageProcessThreadLogger -消息实体内容:{
	"anesthesiaMethoName":"麻醉方法名称",
	"anesthesiaMethodCode":"麻醉方法编码",
	"applicationCode":"申请单号",
	"applyDepartmentCode":"",
	"applyDepartmentName":"",
	"applyDoctorCode":"10000",
	"applyDoctorName":"申请医生姓名",
	"applyTime":"20170323123045",
	"departmentName":"呼吸内科",
	"departmentNo":"12312",
	"diagnosisDescription":"诊断描述",
	"eMPINo":"E111111",
	"groupCode":"所属集团编码",
	"groupName":"所属集团名称",
	"implementDepartmentCode":"003",
	"implementDepartmentName":"执行科室名称",
	"inpatientAreaName":"1病区",
	"inpatientAreaNo":"1A",
	"inpatientNo":"22222",
	"inputPersonCode":"10000",
	"inputPersonName":"录入人姓名",
	"inputTime":"20170323123045",
	"mainDoctorCode":"10000",
	"mainDoctorName":"主刀医生姓名",
	"memoInformation":"对下达申请单的补充说明和注意事项提示",
	"msgId":"12aaaaaaaaa",
	"operationDescription":"手术描述",
	"operationEndTime":"20110202030303",
	"operationLevelCode":"手术级别编码",
	"operationLevelName":"手术级别名称",
	"operationProcedureCode":"手术操作编码",
	"operationProcedureName":"手术操作名称",
	"operationSiteCode":"手术部位编码",
	"operationSiteName":"手术部位名称",
	"operationStartTime":"20110202030303",
	"ordersCode":"医嘱号",
	"orgCode":"医院机构编码",
	"orgName":"XXX医院",
	"outpatientNo":"11111",
	"patientAddr":"",
	"patientAge":"年龄",
	"patientBirthTime":"20170323",
	"patientName":"姓名",
	"patientSexCode":"1",
	"patientSexName":"男",
	"patientTypeCode":"1",
	"patientTypeName":"门诊",
	"pidCode":"111111",
	"preoperativeDiagnosisCode":"诊断编码",
	"preoperativeDiagnosisName":"诊断名称",
	"serviceType":"A",
	"sickbedNo":"001",
	"sickroomNo":"001",
	"sterileLevelCode":"无菌程度编码",
	"sterileLevelName":"无菌程度名称",
	"template":"ST403",
	"urgentLevelCode":"03",
	"urgentLevelName":"false",
	"verifierCode":"10000",
	"verifierName":"确认人姓名",
	"verifyTime":"20170323123045",
	"visitNo":"3434",
	"visitTimes":"1"
}
2017-09-07 20:48:01.255 [Thread-33] DEBUG MessageProcessThreadLogger -消息类型：ST403
2017-09-07 20:48:01.255 [Thread-33] DEBUG MessageProcessThreadLogger -消息校验……
2017-09-07 20:48:01.258 [Thread-33] DEBUG MessageProcessThreadLogger -依赖校验……
2017-09-07 20:48:01.259 [Thread-33] DEBUG MessageProcessThreadLogger -业务处理……
2017-09-07 20:51:37.424 [Thread-10] DEBUG MessageProcessThreadLogger -消息实体内容:{
	"anesthesiaMethoName":"麻醉方法名称",
	"anesthesiaMethodCode":"麻醉方法编码",
	"applicationCode":"申请单号",
	"applyDepartmentCode":"",
	"applyDepartmentName":"",
	"applyDoctorCode":"10000",
	"applyDoctorName":"申请医生姓名",
	"applyTime":"20170323123045",
	"departmentName":"呼吸内科",
	"departmentNo":"12312",
	"diagnosisDescription":"诊断描述",
	"eMPINo":"E111111",
	"groupCode":"所属集团编码",
	"groupName":"所属集团名称",
	"implementDepartmentCode":"003",
	"implementDepartmentName":"执行科室名称",
	"inpatientAreaName":"1病区",
	"inpatientAreaNo":"1A",
	"inpatientNo":"22222",
	"inputPersonCode":"10000",
	"inputPersonName":"录入人姓名",
	"inputTime":"20170323123045",
	"mainDoctorCode":"10000",
	"mainDoctorName":"主刀医生姓名",
	"memoInformation":"对下达申请单的补充说明和注意事项提示",
	"msgId":"12aaaaaaaaaa",
	"operationDescription":"手术描述",
	"operationEndTime":"20110202030303",
	"operationLevelCode":"手术级别编码",
	"operationLevelName":"手术级别名称",
	"operationProcedureCode":"手术操作编码",
	"operationProcedureName":"手术操作名称",
	"operationSiteCode":"手术部位编码",
	"operationSiteName":"手术部位名称",
	"operationStartTime":"20110202030303",
	"ordersCode":"医嘱号",
	"orgCode":"医院机构编码",
	"orgName":"XXX医院",
	"outpatientNo":"11111",
	"patientAddr":"",
	"patientAge":"年龄",
	"patientBirthTime":"20170323",
	"patientName":"姓名",
	"patientSexCode":"1",
	"patientSexName":"男",
	"patientTypeCode":"1",
	"patientTypeName":"门诊",
	"pidCode":"111111",
	"preoperativeDiagnosisCode":"诊断编码",
	"preoperativeDiagnosisName":"诊断名称",
	"serviceType":"A",
	"sickbedNo":"001",
	"sickroomNo":"001",
	"sterileLevelCode":"无菌程度编码",
	"sterileLevelName":"无菌程度名称",
	"template":"ST403",
	"urgentLevelCode":"03",
	"urgentLevelName":"false",
	"verifierCode":"10000",
	"verifierName":"确认人姓名",
	"verifyTime":"20170323123045",
	"visitNo":"3434",
	"visitTimes":"1"
}
2017-09-07 20:51:37.495 [Thread-10] DEBUG MessageProcessThreadLogger -消息类型：ST403
2017-09-07 20:51:37.496 [Thread-10] DEBUG MessageProcessThreadLogger -消息校验……
2017-09-07 20:51:37.509 [Thread-10] DEBUG MessageProcessThreadLogger -依赖校验……
2017-09-07 20:51:37.509 [Thread-10] DEBUG MessageProcessThreadLogger -业务处理……
2017-09-07 21:00:16.812 [Thread-23] DEBUG MessageProcessThreadLogger -消息实体内容:{
	"anesthesiaMethoName":"麻醉方法名称",
	"anesthesiaMethodCode":"麻醉方法编码",
	"applicationCode":"申请单号",
	"applyDepartmentCode":"",
	"applyDepartmentName":"",
	"applyDoctorCode":"10000",
	"applyDoctorName":"申请医生姓名",
	"applyTime":"20170323123045",
	"departmentName":"呼吸内科",
	"departmentNo":"12312",
	"diagnosisDescription":"诊断描述",
	"eMPINo":"E111111",
	"groupCode":"所属集团编码",
	"groupName":"所属集团名称",
	"implementDepartmentCode":"003",
	"implementDepartmentName":"执行科室名称",
	"inpatientAreaName":"1病区",
	"inpatientAreaNo":"1A",
	"inpatientNo":"22222",
	"inputPersonCode":"10000",
	"inputPersonName":"录入人姓名",
	"inputTime":"20170323123045",
	"mainDoctorCode":"10000",
	"mainDoctorName":"主刀医生姓名",
	"memoInformation":"对下达申请单的补充说明和注意事项提示",
	"msgId":"12aaaaaaaaaam",
	"operationDescription":"手术描述",
	"operationEndTime":"20110202030303",
	"operationLevelCode":"手术级别编码",
	"operationLevelName":"手术级别名称",
	"operationProcedureCode":"手术操作编码",
	"operationProcedureName":"手术操作名称",
	"operationSiteCode":"手术部位编码",
	"operationSiteName":"手术部位名称",
	"operationStartTime":"20110202030303",
	"ordersCode":"医嘱号",
	"orgCode":"医院机构编码",
	"orgName":"XXX医院",
	"outpatientNo":"11111",
	"patientAddr":"",
	"patientAge":"年龄",
	"patientBirthTime":"20170323",
	"patientName":"姓名",
	"patientSexCode":"1",
	"patientSexName":"男",
	"patientTypeCode":"1",
	"patientTypeName":"门诊",
	"pidCode":"111111",
	"preoperativeDiagnosisCode":"诊断编码",
	"preoperativeDiagnosisName":"诊断名称",
	"serviceType":"A",
	"sickbedNo":"001",
	"sickroomNo":"001",
	"sterileLevelCode":"无菌程度编码",
	"sterileLevelName":"无菌程度名称",
	"template":"ST403",
	"urgentLevelCode":"03",
	"urgentLevelName":"false",
	"verifierCode":"10000",
	"verifierName":"确认人姓名",
	"verifyTime":"20170323123045",
	"visitNo":"3434",
	"visitTimes":"1"
}
2017-09-07 21:00:16.829 [Thread-23] DEBUG MessageProcessThreadLogger -消息类型：ST403
2017-09-07 21:00:16.830 [Thread-23] DEBUG MessageProcessThreadLogger -消息校验……
2017-09-07 21:00:16.838 [Thread-23] DEBUG MessageProcessThreadLogger -依赖校验……
2017-09-07 21:00:16.839 [Thread-23] DEBUG MessageProcessThreadLogger -业务处理……
